<?xml version="1.0" encoding="UTF-8"?>
<robot generator="Robot 5.0.1 (Python 3.10.2 on win32)" generated="20221012 21:31:35.456" rpa="false" schemaversion="3">
<suite id="s1" name="Login" source="C:\vdt2\trade-sticker\testes\login.robot">
<test id="s1-t1" name="Deve logar com sucesso" line="14">
<kw name="Start test" library="main" type="SETUP">
<kw name="New Browser" library="Browser">
<arg>headless=False</arg>
<tag>BrowserControl</tag>
<tag>Setter</tag>
<doc>Create a new playwright Browser with specified options.</doc>
<msg timestamp="20221012 21:31:37.810" level="INFO">{"browser": "chromium", "headless": false, "devtools": false, "handleSIGHUP": true, "handleSIGINT": true, "handleSIGTERM": true, "slowMo": 0.0, "timeout": 30000.0, "deprecated_pos_args": [], "tracesDir": "C:\\vdt2\\trade-sticker\\testes\\browser\\traces\\f90cc163-5b6d-4d75-9672-59de3a12b562"}</msg>
<msg timestamp="20221012 21:31:39.253" level="INFO">Successfully created browser with options: {"browser":"chromium","headless":false,"devtools":false,"handleSIGHUP":true,"handleSIGINT":true,"handleSIGTERM":true,"slowMo":0,"timeout":30000,"deprecated_pos_args":[],"tracesDir":"C:\\vdt2\\trade-sticker\\testes\\browser\\traces\\f90cc163-5b6d-4d75-9672-59de3a12b562"}</msg>
<status status="PASS" starttime="20221012 21:31:37.810" endtime="20221012 21:31:39.269"/>
</kw>
<status status="PASS" starttime="20221012 21:31:37.810" endtime="20221012 21:31:39.269"/>
</kw>
<kw name="Go to Login Page" library="login">
<kw name="New Browser" library="Browser">
<arg>headless=False</arg>
<tag>BrowserControl</tag>
<tag>Setter</tag>
<doc>Create a new playwright Browser with specified options.</doc>
<msg timestamp="20221012 21:31:39.269" level="INFO">{"browser": "chromium", "headless": false, "devtools": false, "handleSIGHUP": true, "handleSIGINT": true, "handleSIGTERM": true, "slowMo": 0.0, "timeout": 30000.0, "deprecated_pos_args": [], "tracesDir": "C:\\vdt2\\trade-sticker\\testes\\browser\\traces\\ea9f0562-b58d-4043-813c-25bc3f3db14f"}</msg>
<msg timestamp="20221012 21:31:40.518" level="INFO">Successfully created browser with options: {"browser":"chromium","headless":false,"devtools":false,"handleSIGHUP":true,"handleSIGINT":true,"handleSIGTERM":true,"slowMo":0,"timeout":30000,"deprecated_pos_args":[],"tracesDir":"C:\\vdt2\\trade-sticker\\testes\\browser\\traces\\ea9f0562-b58d-4043-813c-25bc3f3db14f"}</msg>
<status status="PASS" starttime="20221012 21:31:39.269" endtime="20221012 21:31:40.518"/>
</kw>
<kw name="New Page" library="Browser">
<arg>https://trade-sticker-dev.vercel.app/</arg>
<tag>BrowserControl</tag>
<tag>Setter</tag>
<doc>Open a new Page.</doc>
<msg timestamp="20221012 21:31:42.415" level="INFO">Successfully initialized new page object and opened url: https://trade-sticker-dev.vercel.app/</msg>
<msg timestamp="20221012 21:31:42.415" level="INFO">No context was open. New context was automatically opened when this page is created.</msg>
<status status="PASS" starttime="20221012 21:31:40.518" endtime="20221012 21:31:42.416"/>
</kw>
<status status="PASS" starttime="20221012 21:31:39.269" endtime="20221012 21:31:42.416"/>
</kw>
<kw name="Submit credentials" library="login">
<arg>${email}</arg>
<arg>${senha}</arg>
<kw name="Fill Text" library="Browser">
<arg>css=input[name=email]</arg>
<arg>${email}</arg>
<tag>PageContent</tag>
<tag>Setter</tag>
<doc>Clears and fills the given ``txt`` into the text field found by ``selector``.</doc>
<msg timestamp="20221012 21:31:42.419" level="INFO">Fills the text 'papito@gmail.com' in the given field.</msg>
<status status="PASS" starttime="20221012 21:31:42.418" endtime="20221012 21:31:42.482"/>
</kw>
<kw name="Fill Text" library="Browser">
<arg>css=input[name=password]</arg>
<arg>${password}</arg>
<tag>PageContent</tag>
<tag>Setter</tag>
<doc>Clears and fills the given ``txt`` into the text field found by ``selector``.</doc>
<msg timestamp="20221012 21:31:42.482" level="INFO">Fills the text 'vaibrasil' in the given field.</msg>
<status status="PASS" starttime="20221012 21:31:42.482" endtime="20221012 21:31:42.509"/>
</kw>
<kw name="Click" library="Browser">
<arg>css=button &gt;&gt; text=Entrar</arg>
<tag>PageContent</tag>
<tag>Setter</tag>
<doc>Simulates mouse click on the element found by ``selector``.</doc>
<status status="PASS" starttime="20221012 21:31:42.509" endtime="20221012 21:31:42.595"/>
</kw>
<status status="PASS" starttime="20221012 21:31:42.417" endtime="20221012 21:31:42.595"/>
</kw>
<kw name="User logged in" library="dash">
<kw name="Set Variable" library="BuiltIn">
<var>${textologin}</var>
<arg>Aquela figurinha incrível a um clique de distância.</arg>
<doc>Returns the given values which can then be assigned to a variables.</doc>
<msg timestamp="20221012 21:31:42.597" level="INFO">${textologin} = Aquela figurinha incrível a um clique de distância.</msg>
<status status="PASS" starttime="20221012 21:31:42.596" endtime="20221012 21:31:42.597"/>
</kw>
<kw name="Get Text" library="Browser">
<arg>css=.header-content strong</arg>
<arg>equal</arg>
<arg>${textologin}</arg>
<tag>Assertion</tag>
<tag>Getter</tag>
<tag>PageContent</tag>
<doc>Returns text attribute of the element found by ``selector``.</doc>
<status status="PASS" starttime="20221012 21:31:42.597" endtime="20221012 21:31:42.640"/>
</kw>
<status status="PASS" starttime="20221012 21:31:42.596" endtime="20221012 21:31:42.640"/>
</kw>
<kw name="Sleep" library="BuiltIn">
<arg>5</arg>
<doc>Pauses the test executed for the given time.</doc>
<msg timestamp="20221012 21:31:47.644" level="INFO">Slept 5 seconds</msg>
<status status="PASS" starttime="20221012 21:31:42.640" endtime="20221012 21:31:47.644"/>
</kw>
<kw name="Finish test" library="main" type="TEARDOWN">
<kw name="Take Screenshot" library="Browser">
<tag>PageContent</tag>
<doc>Takes a screenshot of the current window or element and saves it to disk.</doc>
<msg timestamp="20221012 21:31:47.999" level="INFO" html="true">&lt;/td&gt;&lt;/tr&gt;&lt;tr&gt;&lt;td colspan="3"&gt;&lt;a href="browser/screenshot/robotframework-browser-screenshot-1.png"&gt;&lt;img src="browser/screenshot/robotframework-browser-screenshot-1.png" width="800px"&gt;&lt;/a&gt;</msg>
<status status="PASS" starttime="20221012 21:31:47.646" endtime="20221012 21:31:47.999"/>
</kw>
<status status="PASS" starttime="20221012 21:31:47.645" endtime="20221012 21:31:47.999"/>
</kw>
<status status="PASS" starttime="20221012 21:31:37.810" endtime="20221012 21:31:48.000"/>
</test>
<test id="s1-t2" name="Não deve logar com senha incorreta" line="20">
<kw name="Start test" library="main" type="SETUP">
<kw name="New Browser" library="Browser">
<arg>headless=False</arg>
<tag>BrowserControl</tag>
<tag>Setter</tag>
<doc>Create a new playwright Browser with specified options.</doc>
<msg timestamp="20221012 21:31:48.121" level="INFO">{"browser": "chromium", "headless": false, "devtools": false, "handleSIGHUP": true, "handleSIGINT": true, "handleSIGTERM": true, "slowMo": 0.0, "timeout": 30000.0, "deprecated_pos_args": [], "tracesDir": "C:\\vdt2\\trade-sticker\\testes\\browser\\traces\\93198fc6-08bc-46bf-9c65-d870b459e558"}</msg>
<msg timestamp="20221012 21:31:49.409" level="INFO">Successfully created browser with options: {"browser":"chromium","headless":false,"devtools":false,"handleSIGHUP":true,"handleSIGINT":true,"handleSIGTERM":true,"slowMo":0,"timeout":30000,"deprecated_pos_args":[],"tracesDir":"C:\\vdt2\\trade-sticker\\testes\\browser\\traces\\93198fc6-08bc-46bf-9c65-d870b459e558"}</msg>
<status status="PASS" starttime="20221012 21:31:48.120" endtime="20221012 21:31:49.409"/>
</kw>
<status status="PASS" starttime="20221012 21:31:48.119" endtime="20221012 21:31:49.409"/>
</kw>
<kw name="Go to Login Page" library="login">
<kw name="New Browser" library="Browser">
<arg>headless=False</arg>
<tag>BrowserControl</tag>
<tag>Setter</tag>
<doc>Create a new playwright Browser with specified options.</doc>
<msg timestamp="20221012 21:31:49.409" level="INFO">{"browser": "chromium", "headless": false, "devtools": false, "handleSIGHUP": true, "handleSIGINT": true, "handleSIGTERM": true, "slowMo": 0.0, "timeout": 30000.0, "deprecated_pos_args": [], "tracesDir": "C:\\vdt2\\trade-sticker\\testes\\browser\\traces\\9fc3ee63-0a51-4449-9c7c-23a7835183ac"}</msg>
<msg timestamp="20221012 21:31:50.745" level="INFO">Successfully created browser with options: {"browser":"chromium","headless":false,"devtools":false,"handleSIGHUP":true,"handleSIGINT":true,"handleSIGTERM":true,"slowMo":0,"timeout":30000,"deprecated_pos_args":[],"tracesDir":"C:\\vdt2\\trade-sticker\\testes\\browser\\traces\\9fc3ee63-0a51-4449-9c7c-23a7835183ac"}</msg>
<status status="PASS" starttime="20221012 21:31:49.409" endtime="20221012 21:31:50.745"/>
</kw>
<kw name="New Page" library="Browser">
<arg>https://trade-sticker-dev.vercel.app/</arg>
<tag>BrowserControl</tag>
<tag>Setter</tag>
<doc>Open a new Page.</doc>
<msg timestamp="20221012 21:31:52.096" level="INFO">Successfully initialized new page object and opened url: https://trade-sticker-dev.vercel.app/</msg>
<msg timestamp="20221012 21:31:52.096" level="INFO">No context was open. New context was automatically opened when this page is created.</msg>
<status status="PASS" starttime="20221012 21:31:50.745" endtime="20221012 21:31:52.097"/>
</kw>
<status status="PASS" starttime="20221012 21:31:49.409" endtime="20221012 21:31:52.097"/>
</kw>
<kw name="Submit credentials" library="login">
<arg>${email}</arg>
<arg>abc123</arg>
<kw name="Fill Text" library="Browser">
<arg>css=input[name=email]</arg>
<arg>${email}</arg>
<tag>PageContent</tag>
<tag>Setter</tag>
<doc>Clears and fills the given ``txt`` into the text field found by ``selector``.</doc>
<msg timestamp="20221012 21:31:52.098" level="INFO">Fills the text 'papito@gmail.com' in the given field.</msg>
<status status="PASS" starttime="20221012 21:31:52.098" endtime="20221012 21:31:52.170"/>
</kw>
<kw name="Fill Text" library="Browser">
<arg>css=input[name=password]</arg>
<arg>${password}</arg>
<tag>PageContent</tag>
<tag>Setter</tag>
<doc>Clears and fills the given ``txt`` into the text field found by ``selector``.</doc>
<msg timestamp="20221012 21:31:52.171" level="INFO">Fills the text 'abc123' in the given field.</msg>
<status status="PASS" starttime="20221012 21:31:52.170" endtime="20221012 21:31:52.207"/>
</kw>
<kw name="Click" library="Browser">
<arg>css=button &gt;&gt; text=Entrar</arg>
<tag>PageContent</tag>
<tag>Setter</tag>
<doc>Simulates mouse click on the element found by ``selector``.</doc>
<status status="PASS" starttime="20221012 21:31:52.208" endtime="20221012 21:31:52.271"/>
</kw>
<status status="PASS" starttime="20221012 21:31:52.097" endtime="20221012 21:31:52.271"/>
</kw>
<kw name="Toast Message Should Be" library="login">
<arg>Credenciais inválidas, tente novamente!</arg>
<kw name="Set Variable" library="BuiltIn">
<var>${locator}</var>
<arg>css=.Toastify__toast-body div &gt;&gt; text=${expected_message}</arg>
<doc>Returns the given values which can then be assigned to a variables.</doc>
<msg timestamp="20221012 21:31:52.273" level="INFO">${locator} = css=.Toastify__toast-body div &gt;&gt; text=Credenciais inválidas, tente novamente!</msg>
<status status="PASS" starttime="20221012 21:31:52.272" endtime="20221012 21:31:52.273"/>
</kw>
<kw name="Wait For Elements State" library="Browser">
<arg>${locator}</arg>
<arg>visible</arg>
<arg>3</arg>
<tag>PageContent</tag>
<tag>Wait</tag>
<doc>Waits for the element found by ``selector`` to satisfy state option.</doc>
<msg timestamp="20221012 21:31:52.287" level="INFO">Waited for Element with selector css=.Toastify__toast-body div &gt;&gt; text=Credenciais inválidas, tente novamente! at state visible</msg>
<status status="PASS" starttime="20221012 21:31:52.273" endtime="20221012 21:31:52.287"/>
</kw>
<status status="PASS" starttime="20221012 21:31:52.272" endtime="20221012 21:31:52.287"/>
</kw>
<kw name="Finish test" library="main" type="TEARDOWN">
<kw name="Take Screenshot" library="Browser">
<tag>PageContent</tag>
<doc>Takes a screenshot of the current window or element and saves it to disk.</doc>
<msg timestamp="20221012 21:31:52.873" level="INFO" html="true">&lt;/td&gt;&lt;/tr&gt;&lt;tr&gt;&lt;td colspan="3"&gt;&lt;a href="browser/screenshot/robotframework-browser-screenshot-2.png"&gt;&lt;img src="browser/screenshot/robotframework-browser-screenshot-2.png" width="800px"&gt;&lt;/a&gt;</msg>
<status status="PASS" starttime="20221012 21:31:52.288" endtime="20221012 21:31:52.873"/>
</kw>
<status status="PASS" starttime="20221012 21:31:52.288" endtime="20221012 21:31:52.873"/>
</kw>
<tag>inv_pass</tag>
<status status="PASS" starttime="20221012 21:31:48.110" endtime="20221012 21:31:52.873"/>
</test>
<doc>Login testes</doc>
<status status="PASS" starttime="20221012 21:31:35.471" endtime="20221012 21:31:52.979"/>
</suite>
<statistics>
<total>
<stat pass="2" fail="0" skip="0">All Tests</stat>
</total>
<tag>
<stat pass="1" fail="0" skip="0">inv_pass</stat>
</tag>
<suite>
<stat pass="2" fail="0" skip="0" id="s1" name="Login">Login</stat>
</suite>
</statistics>
<errors>
</errors>
</robot>
